# JRE version: OpenJDK Runtime Environment Microsoft-8035246 (17.0.8+7) (build 17.0.8+7-LTS)
# Java VM: OpenJDK 64-Bit Server VM Microsoft-8035246 (17.0.8+7-LTS, mixed mode, sharing, tiered, compressed oops, compressed class ptrs, g1 gc, windows-amd64)
GC Precious Log:
 CPUs: 12 total, 12 available
 Memory: 16121M
 Large Page Support: Disabled
 NUMA Support: Disabled
 Compressed Oops: Enabled (32-bit)
 Heap Region Size: 1M
 Heap Min Capacity: 8M
 Heap Initial Capacity: 252M
 Heap Max Capacity: 2G
 Pre-touch: Disabled
 Parallel Workers: 10
 Concurrent Workers: 3
 Concurrent Refinement Workers: 10
 Periodic GC: Disabled
Heap:
 garbage-first heap   total 299008K, used 219408K [0x0000000080000000, 0x0000000100000000)
  region size 1024K, 29 young (29696K), 3 survivors (3072K)
 Metaspace       used 110565K, committed 111680K, reserved 557056K
  class space    used 15323K, committed 15872K, reserved 425984K
GC Heap History (20 events):
Event: 17.527 GC heap before
{Heap before GC invocations=50 (full 0):
 garbage-first heap   total 248832K, used 204732K [0x0000000080000000, 0x0000000100000000)
  region size 1024K, 57 young (58368K), 9 survivors (9216K)
 Metaspace       used 102436K, committed 103424K, reserved 557056K
  class space    used 14430K, committed 14912K, reserved 425984K
}
Event: 17.532 GC heap after
{Heap after GC invocations=51 (full 0):
 garbage-first heap   total 248832K, used 166229K [0x0000000080000000, 0x0000000100000000)
  region size 1024K, 8 young (8192K), 8 survivors (8192K)
 Metaspace       used 102436K, committed 103424K, reserved 557056K
  class space    used 14430K, committed 14912K, reserved 425984K
}
Event: 17.838 GC heap before
{Heap before GC invocations=51 (full 0):
 garbage-first heap   total 248832K, used 205141K [0x0000000080000000, 0x0000000100000000)
  region size 1024K, 46 young (47104K), 8 survivors (8192K)
 Metaspace       used 106314K, committed 107328K, reserved 557056K
  class space    used 14982K, committed 15488K, reserved 425984K
}
Event: 17.841 GC heap after
{Heap after GC invocations=52 (full 0):
 garbage-first heap   total 248832K, used 169631K [0x0000000080000000, 0x0000000100000000)
  region size 1024K, 3 young (3072K), 3 survivors (3072K)
 Metaspace       used 106314K, committed 107328K, reserved 557056K
  class space    used 14982K, committed 15488K, reserved 425984K
}
Event: 18.236 GC heap before
{Heap before GC invocations=52 (full 0):
 garbage-first heap   total 248832K, used 207519K [0x0000000080000000, 0x0000000100000000)
  region size 1024K, 40 young (40960K), 3 survivors (3072K)
 Metaspace       used 107720K, committed 108800K, reserved 557056K
  class space    used 15132K, committed 15680K, reserved 425984K
}
Event: 18.240 GC heap after
{Heap after GC invocations=53 (full 0):
 garbage-first heap   total 248832K, used 174207K [0x0000000080000000, 0x0000000100000000)
  region size 1024K, 5 young (5120K), 5 survivors (5120K)
 Metaspace       used 107720K, committed 108800K, reserved 557056K
  class space    used 15132K, committed 15680K, reserved 425984K
}
Event: 18.467 GC heap before
{Heap before GC invocations=53 (full 0):
 garbage-first heap   total 248832K, used 209023K [0x0000000080000000, 0x0000000100000000)
  region size 1024K, 39 young (39936K), 5 survivors (5120K)
 Metaspace       used 108006K, committed 109056K, reserved 557056K
  class space    used 15147K, committed 15680K, reserved 425984K
}
Event: 18.471 GC heap after
{Heap after GC invocations=54 (full 0):
 garbage-first heap   total 248832K, used 177879K [0x0000000080000000, 0x0000000100000000)
  region size 1024K, 4 young (4096K), 4 survivors (4096K)
 Metaspace       used 108006K, committed 109056K, reserved 557056K
  class space    used 15147K, committed 15680K, reserved 425984K
}
Event: 18.628 GC heap before
{Heap before GC invocations=54 (full 0):
 garbage-first heap   total 248832K, used 209623K [0x0000000080000000, 0x0000000100000000)
  region size 1024K, 36 young (36864K), 4 survivors (4096K)
 Metaspace       used 108951K, committed 110016K, reserved 557056K
  class space    used 15229K, committed 15744K, reserved 425984K
}
Event: 18.632 GC heap after
{Heap after GC invocations=55 (full 0):
 garbage-first heap   total 248832K, used 183312K [0x0000000080000000, 0x0000000100000000)
  region size 1024K, 5 young (5120K), 5 survivors (5120K)
 Metaspace       used 108951K, committed 110016K, reserved 557056K
  class space    used 15229K, committed 15744K, reserved 425984K
}
Event: 18.796 GC heap before
{Heap before GC invocations=55 (full 0):
 garbage-first heap   total 248832K, used 215056K [0x0000000080000000, 0x0000000100000000)
  region size 1024K, 32 young (32768K), 5 survivors (5120K)
 Metaspace       used 110005K, committed 111104K, reserved 557056K
  class space    used 15279K, committed 15808K, reserved 425984K
}
Event: 18.799 GC heap after
{Heap after GC invocations=56 (full 0):
 garbage-first heap   total 248832K, used 185511K [0x0000000080000000, 0x0000000100000000)
  region size 1024K, 2 young (2048K), 2 survivors (2048K)
 Metaspace       used 110005K, committed 111104K, reserved 557056K
  class space    used 15279K, committed 15808K, reserved 425984K
}
Event: 18.968 GC heap before
{Heap before GC invocations=56 (full 0):
 garbage-first heap   total 248832K, used 212135K [0x0000000080000000, 0x0000000100000000)
  region size 1024K, 29 young (29696K), 2 survivors (2048K)
 Metaspace       used 110467K, committed 111552K, reserved 557056K
  class space    used 15322K, committed 15872K, reserved 425984K
}
Event: 18.970 GC heap after
{Heap after GC invocations=57 (full 0):
 garbage-first heap   total 248832K, used 186774K [0x0000000080000000, 0x0000000100000000)
  region size 1024K, 4 young (4096K), 4 survivors (4096K)
 Metaspace       used 110467K, committed 111552K, reserved 557056K
  class space    used 15322K, committed 15872K, reserved 425984K
}
Event: 19.033 GC heap before
{Heap before GC invocations=57 (full 0):
 garbage-first heap   total 248832K, used 212374K [0x0000000080000000, 0x0000000100000000)
  region size 1024K, 30 young (30720K), 4 survivors (4096K)
 Metaspace       used 110536K, committed 111616K, reserved 557056K
  class space    used 15323K, committed 15872K, reserved 425984K
}
Event: 19.036 GC heap after
{Heap after GC invocations=58 (full 0):
 garbage-first heap   total 248832K, used 191450K [0x0000000080000000, 0x0000000100000000)
  region size 1024K, 4 young (4096K), 4 survivors (4096K)
 Metaspace       used 110536K, committed 111616K, reserved 557056K
  class space    used 15323K, committed 15872K, reserved 425984K
}
Event: 19.110 GC heap before
{Heap before GC invocations=58 (full 0):
 garbage-first heap   total 248832K, used 212954K [0x0000000080000000, 0x0000000100000000)
  region size 1024K, 26 young (26624K), 4 survivors (4096K)
 Metaspace       used 110554K, committed 111680K, reserved 557056K
  class space    used 15323K, committed 15872K, reserved 425984K
}
Event: 19.113 GC heap after
{Heap after GC invocations=59 (full 0):
 garbage-first heap   total 248832K, used 193156K [0x0000000080000000, 0x0000000100000000)
  region size 1024K, 2 young (2048K), 2 survivors (2048K)
 Metaspace       used 110554K, committed 111680K, reserved 557056K
  class space    used 15323K, committed 15872K, reserved 425984K
}
Event: 19.259 GC heap before
{Heap before GC invocations=59 (full 0):
 garbage-first heap   total 248832K, used 213636K [0x0000000080000000, 0x0000000100000000)
  region size 1024K, 23 young (23552K), 2 survivors (2048K)
 Metaspace       used 110564K, committed 111680K, reserved 557056K
  class space    used 15323K, committed 15872K, reserved 425984K
}
Event: 19.262 GC heap after
{Heap after GC invocations=60 (full 0):
 garbage-first heap   total 299008K, used 193808K [0x0000000080000000, 0x0000000100000000)
  region size 1024K, 3 young (3072K), 3 survivors (3072K)
 Metaspace       used 110564K, committed 111680K, reserved 557056K
  class space    used 15323K, committed 15872K, reserved 425984K
}

